<?xml version="1.0" encoding="UTF-8"?>
<!-- Generated by org.testng.reporters.JUnitReportReporter -->
<testsuite hostname="JayasankerMuringothKrishnan" failures="0" tests="1" name="executeClass.ManageProductExecution" time="13.041" errors="0" timestamp="17 May 2022 10:21:43 GMT" skipped="0">
  <testcase classname="executeClass.ManageProductExecution" name="verifySearchFuntion" time="13.041"/>
</testsuite> <!-- executeClass.ManageProductExecution -->
