<?xml version="1.0" encoding="UTF-8"?>
<!-- Generated by org.testng.reporters.JUnitReportReporter -->
<testsuite hostname="JayasankerMuringothKrishnan" failures="0" tests="4" name="executeClass.AdminUsersPageExecution" time="45.753" errors="0" timestamp="17 May 2022 10:26:53 GMT" skipped="0">
  <testcase classname="executeClass.AdminUsersPageExecution" name="verifyThePageHeading" time="12.070"/>
  <testcase classname="executeClass.AdminUsersPageExecution" name="verifyNewUseraddedOrNot" time="12.157"/>
  <testcase classname="executeClass.AdminUsersPageExecution" name="verifyDelectUserFuctionalty" time="10.659"/>
  <testcase classname="executeClass.AdminUsersPageExecution" name="verifySearchWithUsername" time="10.867"/>
</testsuite> <!-- executeClass.AdminUsersPageExecution -->
