<?xml version="1.0" encoding="UTF-8"?>
<!-- Generated by org.testng.reporters.JUnitReportReporter -->
<testsuite hostname="JayasankerMuringothKrishnan" failures="0" tests="16" name="executeClass.DashboardExecution" time="228.704" errors="0" timestamp="20 May 2022 02:52:47 GMT" skipped="0">
  <testcase classname="executeClass.DashboardExecution" name="verifyLoginUserIsAdmin" time="11.247"/>
  <testcase classname="executeClass.DashboardExecution" name="verifyLoginUserIsAdmin" time="14.182"/>
  <testcase classname="executeClass.DashboardExecution" name="verifyPageTitle" time="13.634"/>
  <testcase classname="executeClass.DashboardExecution" name="verifyPageTitle" time="27.128"/>
  <testcase classname="executeClass.DashboardExecution" name="verifyManageProductPageGettingOrNot" time="11.769"/>
  <testcase classname="executeClass.DashboardExecution" name="verifyManageProductPageGettingOrNot" time="12.623"/>
  <testcase classname="executeClass.DashboardExecution" name="VerifymanageCODPageGettingOrNot" time="19.185"/>
  <testcase classname="executeClass.DashboardExecution" name="VerifymanageCODPageGettingOrNot" time="12.889"/>
  <testcase classname="executeClass.DashboardExecution" name="verifyManageOfferCodePageGettingOrNot" time="12.063"/>
  <testcase classname="executeClass.DashboardExecution" name="verifyManageOfferCodePageGettingOrNot" time="11.007"/>
  <testcase classname="executeClass.DashboardExecution" name="isLogoutOptionDisplayed" time="13.268"/>
  <testcase classname="executeClass.DashboardExecution" name="isLogoutOptionDisplayed" time="13.462"/>
  <testcase classname="executeClass.DashboardExecution" name="verifyLogoutFunctinality" time="12.377"/>
  <testcase classname="executeClass.DashboardExecution" name="verifyLogoutFunctinality" time="19.675"/>
  <testcase classname="executeClass.DashboardExecution" name="isExpenceCategoryUnderManageExpenceCanBeEnable" time="11.851"/>
  <testcase classname="executeClass.DashboardExecution" name="isExpenceCategoryUnderManageExpenceCanBeEnable" time="12.344"/>
</testsuite> <!-- executeClass.DashboardExecution -->
