<?xml version="1.0" encoding="UTF-8"?>
<!-- Generated by org.testng.reporters.JUnitReportReporter -->
<testsuite hostname="JayasankerMuringothKrishnan" failures="0" tests="1" name="executeClass.DashboardExecution" time="26.650" errors="0" timestamp="17 May 2022 18:25:04 GMT" skipped="0">
  <testcase classname="executeClass.DashboardExecution" name="isExpenceCategoryUnderManageExpenceCanBeEnable" time="26.650"/>
</testsuite> <!-- executeClass.DashboardExecution -->
