<?xml version="1.0" encoding="UTF-8"?>
<!-- Generated by org.testng.reporters.JUnitReportReporter -->
<testsuite hostname="JayasankerMuringothKrishnan" failures="0" tests="1" name="executeClass.ExpenceCategoryPageExecution" time="14.092" errors="0" timestamp="18 May 2022 07:28:16 GMT" skipped="0">
  <testcase classname="executeClass.ExpenceCategoryPageExecution" name="addNewexpenceCategory" time="14.092"/>
</testsuite> <!-- executeClass.ExpenceCategoryPageExecution -->
