<?xml version="1.0" encoding="UTF-8"?>
<!-- Generated by org.testng.reporters.JUnitReportReporter -->
<testsuite hostname="JayasankerMuringothKrishnan" failures="0" tests="2" name="executeClass.CategoryPageExecution" time="22.911" errors="0" timestamp="17 May 2022 10:22:36 GMT" skipped="0">
  <testcase classname="executeClass.CategoryPageExecution" name="verifyPageHeading" time="9.826"/>
  <testcase classname="executeClass.CategoryPageExecution" name="verifySearchFunction" time="13.085"/>
</testsuite> <!-- executeClass.CategoryPageExecution -->
